<?xml version="1.0" encoding="UTF-8"?>
<!-- Generated by org.testng.reporters.JUnitReportReporter -->
<testsuite hostname="LAPTOP-ECK6PN7P" failures="0" tests="2" name="calculator.StringCalculatorShould" time="0.012" errors="0" timestamp="2021-10-16T16:45:48 IST" skipped="0">
  <testcase classname="calculator.StringCalculatorShould" name="string_with_single_number_should_return_number_as_int" time="0.003"/>
  <system-out/>
  <testcase classname="calculator.StringCalculatorShould" name="empty_string_should_return_0" time="0.009"/>
  <system-out/>
</testsuite> <!-- calculator.StringCalculatorShould -->
